  Circle.cpp
  Engine.cpp
  Entity.cpp
  main.cpp
C:\Users\zycov\Desktop\projects\С++_pr\ConsoleGraphic\ConsoleEngine\main.cpp(19,25): warning C4305: аргумент: усечение из "double" в "float"
C:\Users\zycov\Desktop\projects\С++_pr\ConsoleGraphic\ConsoleEngine\main.cpp(19,19): warning C4305: аргумент: усечение из "double" в "float"
C:\Users\zycov\Desktop\projects\С++_pr\ConsoleGraphic\ConsoleEngine\main.cpp(19,14): warning C4305: аргумент: усечение из "double" в "float"
C:\Users\zycov\Desktop\projects\С++_pr\ConsoleGraphic\ConsoleEngine\main.cpp(19,9): warning C4305: аргумент: усечение из "double" в "float"
C:\Users\zycov\Desktop\projects\С++_pr\ConsoleGraphic\ConsoleEngine\main.cpp(21,17): warning C4305: аргумент: усечение из "double" в "float"
C:\Users\zycov\Desktop\projects\С++_pr\ConsoleGraphic\ConsoleEngine\main.cpp(22,18): warning C4305: аргумент: усечение из "double" в "float"
C:\Users\zycov\Desktop\projects\С++_pr\ConsoleGraphic\ConsoleEngine\main.cpp(28,21): warning C4305: аргумент: усечение из "double" в "float"
  PhysicsEngine.cpp
C:\Users\zycov\Desktop\projects\С++_pr\ConsoleGraphic\ConsoleEngine\PhysicsEngine.cpp(38,13): warning C4244: +=: преобразование "double" в "float", возможна потеря данных
C:\Users\zycov\Desktop\projects\С++_pr\ConsoleGraphic\ConsoleEngine\PhysicsEngine.cpp(39,14): warning C4244: +=: преобразование "double" в "float", возможна потеря данных
C:\Users\zycov\Desktop\projects\С++_pr\ConsoleGraphic\ConsoleEngine\PhysicsEngine.cpp(40,21): warning C4305: +=: усечение из "double" в "float"
C:\Users\zycov\Desktop\projects\С++_pr\ConsoleGraphic\ConsoleEngine\PhysicsEngine.cpp(44,13): warning C4244: +=: преобразование "double" в "float", возможна потеря данных
C:\Users\zycov\Desktop\projects\С++_pr\ConsoleGraphic\ConsoleEngine\PhysicsEngine.cpp(46,18): warning C4244: +=: преобразование "double" в "float", возможна потеря данных
  Rectangle.cpp
C:\Users\zycov\Desktop\projects\С++_pr\ConsoleGraphic\ConsoleEngine\Rectangle.cpp(19,10): warning C4244: =: преобразование "double" в "float", возможна потеря данных
  Window.cpp
  Создание кода...
C:\Users\zycov\Desktop\projects\С++_pr\ConsoleGraphic\ConsoleEngine\Window.cpp(23,1): warning C4172: возвращение адреса локальной или временной переменной : size
C:\Users\zycov\Desktop\projects\С++_pr\ConsoleGraphic\ConsoleEngine\Rectangle.cpp(14,1): warning C4172: возвращение адреса локальной или временной переменной : Position
C:\Users\zycov\Desktop\projects\С++_pr\ConsoleGraphic\ConsoleEngine\Circle.cpp(25,1): warning C4172: возвращение адреса локальной или временной переменной : position
  ConsoleEngine.vcxproj -> C:\Users\zycov\Desktop\projects\С++_pr\ConsoleGraphic\ConsoleEngine\x64\Debug\ConsoleEngine.exe
